<?xml version="1.0" encoding="UTF-8"?>
<testng-results ignored="0" total="1" passed="1" failed="0" skipped="0">
  <reporter-output>
  </reporter-output>
  <suite started-at="2021-07-28T01:39:17 MSK" name="Suite1" finished-at="2021-07-28T01:39:35 MSK" duration-ms="17810">
    <groups>
    </groups>
    <test started-at="2021-07-28T01:39:17 MSK" name="exercise1" finished-at="2021-07-28T01:39:35 MSK" duration-ms="17810">
      <class name="hw5.ex1Steps">
        <test-method is-config="true" signature="setupTest()[pri:0, instance:hw5.ex1Steps@7c45191e]" started-at="2021-07-28T01:39:17 MSK" name="setupTest" finished-at="2021-07-28T01:39:32 MSK" duration-ms="14889" status="PASS">
          <reporter-output>
          </reporter-output>
        </test-method> <!-- setupTest -->
        <test-method signature="simpleTest2()[pri:0, instance:hw5.ex1Steps@7c45191e]" started-at="2021-07-28T01:39:32 MSK" name="simpleTest2" finished-at="2021-07-28T01:39:33 MSK" duration-ms="575" status="PASS">
          <reporter-output>
          </reporter-output>
        </test-method> <!-- simpleTest2 -->
        <test-method is-config="true" signature="teardown()[pri:0, instance:hw5.ex1Steps@7c45191e]" started-at="2021-07-28T01:39:33 MSK" name="teardown" finished-at="2021-07-28T01:39:35 MSK" duration-ms="1980" status="PASS">
          <reporter-output>
          </reporter-output>
        </test-method> <!-- teardown -->
      </class> <!-- hw5.ex1Steps -->
    </test> <!-- exercise1 -->
  </suite> <!-- Suite1 -->
</testng-results>
